<?xml version="1.0" encoding="UTF-8"?>
<!-- Generated by org.testng.reporters.JUnitReportReporter -->
<testsuite hostname="QT-LP003" failures="0" tests="1" name="com.propery.tests.PropertyPageTest" time="2.399" errors="0" timestamp="2025-05-31T15:51:37 IST" skipped="0">
  <testcase classname="com.propery.tests.PropertyPageTest" name="validatePropertyDetails" time="2.399"/>
</testsuite> <!-- com.propery.tests.PropertyPageTest -->
