<?xml version="1.0" encoding="UTF-8"?>
<!-- Generated by org.testng.reporters.JUnitReportReporter -->
<testsuite hostname="QT-LP003" failures="0" tests="1" name="com.propery.tests.GetQuotesTest" time="2.573" errors="0" timestamp="2025-06-02T15:17:28 IST" skipped="0">
  <testcase classname="com.propery.tests.GetQuotesTest" name="checkCallBtn" time="2.573"/>
</testsuite> <!-- com.propery.tests.GetQuotesTest -->
