<?xml version="1.0" encoding="UTF-8"?>
<!-- Generated by org.testng.reporters.JUnitReportReporter -->
<testsuite hostname="QT-LP003" failures="0" tests="5" name="com.propery.tests.PropertyPageTest" time="2.341" errors="0" timestamp="2025-06-02T15:10:13 IST" skipped="0">
  <testcase classname="com.propery.tests.PropertyPageTest" name="validatePropertyDetailsWithAllOptionsOfAgeOfBuilding" time="0.001"/>
  <testcase classname="com.propery.tests.PropertyPageTest" name="validatePropertyDetails" time="2.337"/>
  <testcase classname="com.propery.tests.PropertyPageTest" name="validatePropertyDetailsWithAllOptionsOfAgeOfBuilding" time="0.001"/>
  <testcase classname="com.propery.tests.PropertyPageTest" name="validatePropertyDetailsWithAllOptionsOfAgeOfBuilding" time="0.000"/>
  <testcase classname="com.propery.tests.PropertyPageTest" name="validatePropertyDetailsWithAllOptionsOfAgeOfBuilding" time="0.002"/>
</testsuite> <!-- com.propery.tests.PropertyPageTest -->
